<?xml version="1.0" encoding="UTF-8"?>
<testsuite name="com.thoughtworks.ifoodcompetition.controller.RestaurantControllerTest" tests="2" skipped="0" failures="0" errors="0" timestamp="2019-10-31T11:43:46" hostname="LApsoares" time="0.012">
  <properties/>
  <testcase name="shouldUpdateRestaurant" classname="com.thoughtworks.ifoodcompetition.controller.RestaurantControllerTest" time="0.007"/>
  <testcase name="shouldGetRestaurantById" classname="com.thoughtworks.ifoodcompetition.controller.RestaurantControllerTest" time="0.003"/>
  <system-out><![CDATA[]]></system-out>
  <system-err><![CDATA[]]></system-err>
</testsuite>
