<?xml version="1.0" encoding="UTF-8"?>
<testsuite name="hello.GreetingTest" tests="1" skipped="0" failures="0" errors="0" timestamp="2019-10-23T18:45:56" hostname="LApsoares" time="0.005">
  <properties/>
  <testcase name="shouldCreateGreetingsWithSuccess" classname="hello.GreetingTest" time="0.005"/>
  <system-out><![CDATA[]]></system-out>
  <system-err><![CDATA[]]></system-err>
</testsuite>
