<?xml version="1.0" encoding="UTF-8"?>
<testsuite name="com.thoughtworks.ifoodcompetition.model.GreetingTest" tests="1" skipped="0" failures="0" errors="0" timestamp="2019-10-31T11:43:46" hostname="LApsoares" time="0.0">
  <properties/>
  <testcase name="shouldCreateGreetingsWithSuccess" classname="com.thoughtworks.ifoodcompetition.model.GreetingTest" time="0.0"/>
  <system-out><![CDATA[]]></system-out>
  <system-err><![CDATA[]]></system-err>
</testsuite>
