<?xml version="1.0" encoding="UTF-8"?>
<testsuite name="com.thoughtworks.ifoodcompetition.model.RestaurantTest" tests="2" skipped="0" failures="0" errors="0" timestamp="2019-10-31T11:43:46" hostname="LApsoares" time="0.002">
  <properties/>
  <testcase name="shouldSetId" classname="com.thoughtworks.ifoodcompetition.model.RestaurantTest" time="0.0"/>
  <testcase name="shouldCreateRestaurantWithSuccess" classname="com.thoughtworks.ifoodcompetition.model.RestaurantTest" time="0.001"/>
  <system-out><![CDATA[]]></system-out>
  <system-err><![CDATA[]]></system-err>
</testsuite>
